<?xml version="1.0" encoding="UTF-8"?>
<!-- Generated by org.testng.reporters.JUnitXMLReporter -->
<testsuite ignored="0" hostname="TWINKIL-LP2" failures="1" tests="5" name="Test" time="11.349" errors="0" timestamp="2022-07-14T11:30:08 IST">
  <testcase classname="eMB.Test.TestCases.Test1" name="Firstmethod" time="2.008">
    <failure type="java.lang.IllegalArgumentException" message="Keys to send should be a not null CharSequence">
      <![CDATA[java.lang.IllegalArgumentException: Keys to send should be a not null CharSequence
at org.openqa.selenium.remote.RemoteWebElement.sendKeys(RemoteWebElement.java:90)
at eMB.Test.TestCases.Test1.Firstmethod(Test1.java:38)
at java.base/java.util.concurrent.ThreadPoolExecutor.runWorker(ThreadPoolExecutor.java:1136)
at java.base/java.util.concurrent.ThreadPoolExecutor$Worker.run(ThreadPoolExecutor.java:635)
at java.base/java.lang.Thread.run(Thread.java:833)
... Removed 10 stack frames]]>
    </failure>
  </testcase> <!-- Firstmethod -->
  <testcase classname="eMB.Test.TestCases.Test1" name="Secondmethod" time="0.002"/>
  <testcase classname="eMB.Test.TestCases.Test1" name="Thirdmethod" time="0.002"/>
  <testcase classname="eMB.Test.TestCases.Test3" name="Test" time="5.809"/>
  <testcase classname="eMB.Test.TestCases.Test2" name="Differentclassmethod" time="5.949"/>
</testsuite> <!-- Test -->
