<?xml version="1.0" encoding="UTF-8"?>
<testng-results ignored="0" total="5" passed="4" failed="1" skipped="0">
  <reporter-output>
  </reporter-output>
  <suite started-at="2022-07-14T11:29:56 IST" name="eMB.Test" finished-at="2022-07-14T11:30:08 IST" duration-ms="11349">
    <groups>
    </groups>
    <test started-at="2022-07-14T11:29:56 IST" name="Test" finished-at="2022-07-14T11:30:08 IST" duration-ms="11349">
      <class name="eMB.Test.TestCases.Test2">
        <test-method is-config="true" signature="initialize()[pri:0, instance:eMB.Test.TestCases.Test2@2f953efd]" started-at="2022-07-14T11:29:59 IST" name="initialize" finished-at="2022-07-14T11:30:00 IST" duration-ms="1455" status="PASS">
          <reporter-output>
          </reporter-output>
        </test-method> <!-- initialize -->
        <test-method signature="Differentclassmethod()[pri:0, instance:eMB.Test.TestCases.Test2@2f953efd]" started-at="2022-07-14T11:30:02 IST" name="Differentclassmethod" finished-at="2022-07-14T11:30:08 IST" duration-ms="5949" status="PASS">
          <reporter-output>
          </reporter-output>
        </test-method> <!-- Differentclassmethod -->
      </class> <!-- eMB.Test.TestCases.Test2 -->
      <class name="eMB.Test.TestCases.Test1">
        <test-method is-config="true" signature="initialize()[pri:0, instance:eMB.Test.TestCases.Test1@d23e042]" started-at="2022-07-14T11:29:56 IST" name="initialize" finished-at="2022-07-14T11:29:59 IST" duration-ms="2347" status="PASS">
          <reporter-output>
          </reporter-output>
        </test-method> <!-- initialize -->
        <test-method signature="Firstmethod()[pri:0, instance:eMB.Test.TestCases.Test1@d23e042]" started-at="2022-07-14T11:30:02 IST" name="Firstmethod" finished-at="2022-07-14T11:30:04 IST" duration-ms="2008" status="FAIL">
          <exception class="java.lang.IllegalArgumentException">
            <message>
              <![CDATA[Keys to send should be a not null CharSequence]]>
            </message>
            <full-stacktrace>
              <![CDATA[java.lang.IllegalArgumentException: Keys to send should be a not null CharSequence
at org.openqa.selenium.remote.RemoteWebElement.sendKeys(RemoteWebElement.java:90)
at eMB.Test.TestCases.Test1.Firstmethod(Test1.java:38)
at java.base/jdk.internal.reflect.DirectMethodHandleAccessor.invoke(DirectMethodHandleAccessor.java:104)
at java.base/java.lang.reflect.Method.invoke(Method.java:577)
at org.testng.internal.MethodInvocationHelper.invokeMethod(MethodInvocationHelper.java:133)
at org.testng.internal.TestInvoker.invokeMethod(TestInvoker.java:598)
at org.testng.internal.TestInvoker.invokeTestMethod(TestInvoker.java:173)
at org.testng.internal.MethodRunner.runInSequence(MethodRunner.java:46)
at org.testng.internal.TestInvoker$MethodInvocationAgent.invoke(TestInvoker.java:824)
at org.testng.internal.TestInvoker.invokeTestMethods(TestInvoker.java:146)
at org.testng.internal.TestMethodWorker.invokeTestMethods(TestMethodWorker.java:146)
at org.testng.internal.TestMethodWorker.run(TestMethodWorker.java:128)
at java.base/java.util.concurrent.ThreadPoolExecutor.runWorker(ThreadPoolExecutor.java:1136)
at java.base/java.util.concurrent.ThreadPoolExecutor$Worker.run(ThreadPoolExecutor.java:635)
at java.base/java.lang.Thread.run(Thread.java:833)
]]>
            </full-stacktrace>
          </exception> <!-- java.lang.IllegalArgumentException -->
          <reporter-output>
          </reporter-output>
        </test-method> <!-- Firstmethod -->
        <test-method signature="Secondmethod()[pri:0, instance:eMB.Test.TestCases.Test1@d23e042]" started-at="2022-07-14T11:30:04 IST" name="Secondmethod" finished-at="2022-07-14T11:30:04 IST" duration-ms="2" status="PASS">
          <reporter-output>
          </reporter-output>
        </test-method> <!-- Secondmethod -->
        <test-method signature="Thirdmethod()[pri:0, instance:eMB.Test.TestCases.Test1@d23e042]" started-at="2022-07-14T11:30:04 IST" name="Thirdmethod" finished-at="2022-07-14T11:30:04 IST" duration-ms="2" status="PASS">
          <reporter-output>
          </reporter-output>
        </test-method> <!-- Thirdmethod -->
      </class> <!-- eMB.Test.TestCases.Test1 -->
      <class name="eMB.Test.TestCases.Test3">
        <test-method is-config="true" signature="initialize()[pri:0, instance:eMB.Test.TestCases.Test3@f68f0dc]" started-at="2022-07-14T11:30:00 IST" name="initialize" finished-at="2022-07-14T11:30:02 IST" duration-ms="1571" status="PASS">
          <reporter-output>
          </reporter-output>
        </test-method> <!-- initialize -->
        <test-method signature="Test()[pri:0, instance:eMB.Test.TestCases.Test3@f68f0dc]" started-at="2022-07-14T11:30:02 IST" name="Test" finished-at="2022-07-14T11:30:08 IST" duration-ms="5809" status="PASS">
          <reporter-output>
          </reporter-output>
        </test-method> <!-- Test -->
      </class> <!-- eMB.Test.TestCases.Test3 -->
    </test> <!-- Test -->
  </suite> <!-- eMB.Test -->
</testng-results>
